<?xml version="1.0" encoding="UTF-8"?>
<!-- Generated by org.testng.reporters.JUnitXMLReporter -->
<testsuite hostname="NB0013009" name="Default test" tests="4" failures="0" timestamp="11 Dec 2016 15:32:11 GMT" time="68.311" errors="0">
  <testcase name="quikr" time="4.079" classname="Pack1.PriorityTests"/>
  <testcase name="gmail" time="10.842" classname="Pack1.PriorityTests"/>
  <testcase name="yahoo" time="11.477" classname="Pack1.PriorityTests"/>
  <testcase name="google" time="3.626" classname="Pack1.PriorityTests"/>
</testsuite> <!-- Default test -->
