<?xml version="1.0" encoding="UTF-8"?>
<!-- Generated by org.testng.reporters.JUnitXMLReporter -->
<testsuite hostname="NB0013009" name="Test2" tests="4" failures="0" timestamp="11 Dec 2016 15:28:15 GMT" time="67.935" errors="0">
  <testcase name="google" time="4.211" classname="Pack1.GmailTest"/>
  <testcase name="gmail" time="10.304" classname="Pack1.GmailTest"/>
  <testcase name="quikr" time="4.388" classname="Pack1.GmailTest"/>
  <testcase name="yahoo" time="10.631" classname="Pack1.GmailTest"/>
</testsuite> <!-- Test2 -->
